<?xml version="1.0" encoding="UTF-8"?>
<!-- Generated by org.testng.reporters.JUnitXMLReporter -->
<testsuite ignored="1" hostname="DESKTOP-SC1JBDP" failures="1" tests="1" name="Default test(failed)" time="0.091" errors="0" timestamp="2023-08-17T17:31:02 IST">
  <testcase classname="textngpack.assertion" name="t1" time="0.027">
    <failure type="java.lang.AssertionError" message="expected [20] but found [10]">
      <![CDATA[java.lang.AssertionError: expected [20] but found [10]
at textngpack.assertion.t1(assertion.java:15)
at java.base/java.util.ArrayList.forEach(ArrayList.java:1511)
... Removed 34 stack frames]]>
    </failure>
  </testcase> <!-- t1 -->
  <testcase classname="textngpack.assertion" name="t2" time="0.0">
    <ignored/>
  </testcase> <!-- t2 -->
</testsuite> <!-- Default test(failed) -->
